
/home/runner/work/exp-gis-data-nitk/exp-gis-data-nitk/experiment/simulation/js/cart.js
    5:5   warning  'northArrowSet' is assigned a value but never used  no-unused-vars
    6:5   warning  'titleSet' is assigned a value but never used       no-unused-vars
   29:10  warning  'showPopup' is defined but never used               no-unused-vars
   34:10  warning  'closeModal' is defined but never used              no-unused-vars
   42:10  warning  'goToMainPage' is defined but never used            no-unused-vars
   48:1   warning  'colors' is not defined                             no-undef
   51:12  warning  'colors' is not defined                             no-undef
   52:61  warning  'colors' is not defined                             no-undef
   55:10  warning  'showInfo' is defined but never used                no-unused-vars
   72:10  warning  'hideInfo' is defined but never used                no-unused-vars
  110:10  warning  'dragStart' is defined but never used               no-unused-vars
  116:10  warning  'dragEnter' is defined but never used               no-unused-vars
  120:10  warning  'dragOver' is defined but never used                no-unused-vars
  120:19  warning  'ev' is defined but never used                      no-unused-vars
  123:10  warning  'dragDrop' is defined but never used                no-unused-vars
  124:7   warning  'src' is assigned a value but never used            no-unused-vars
  151:10  warning  'selectColor' is defined but never used             no-unused-vars
  193:10  warning  'setDragTitle' is defined but never used            no-unused-vars
  193:23  warning  'ev' is defined but never used                      no-unused-vars
  244:10  warning  'setCheckedView' is defined but never used          no-unused-vars
  280:10  warning  'selectArrow' is defined but never used             no-unused-vars
  325:10  warning  'selectScale' is defined but never used             no-unused-vars
  361:10  warning  'selectLegend' is defined but never used            no-unused-vars
  480:10  warning  'setCoordinatesX' is defined but never used         no-unused-vars
  491:10  warning  'setCoordinatesY' is defined but never used         no-unused-vars
  503:10  warning  'setCoordinates' is defined but never used          no-unused-vars

✖ 26 problems (0 errors, 26 warnings)

